{"C:/Users/asus/Documents/Coding/Digital Futures/Projects/news-summary-challenge/src/utils/newsDataService.js": {"path":"C:/Users/asus/Documents/Coding/Digital Futures/Projects/news-summary-challenge/src/utils/newsDataService.js","statementMap":{"0":{"start":{"line":3,"column":27},"end":{"line":12,"column":null}},"1":{"start":{"line":4,"column":4},"end":{"line":11,"column":5}},"2":{"start":{"line":5,"column":29},"end":{"line":5,"column":201}},"3":{"start":{"line":6,"column":8},"end":{"line":6,"column":33}},"4":{"start":{"line":10,"column":6},"end":{"line":10,"column":19}}},"fnMap":{"0":{"name":"(anonymous_0)","decl":{"start":{"line":3,"column":27},"end":{"line":3,"column":28}},"loc":{"start":{"line":3,"column":39},"end":{"line":12,"column":null}}}},"branchMap":{},"s":{"0":1,"1":3,"2":3,"3":2,"4":1},"f":{"0":3},"b":{}}
}
